Removed Pin From Net: NetName=5V Pin=R7-1
Removed Pin From Net: NetName=NetP1_1 Pin=R8-2
Removed Pin From Net: NetName=NetP1_1 Pin=U1-1
Removed Pin From Net: NetName=NetC7_1 Pin=U1-2
Removed Pin From Net: NetName=GND Pin=U1-4
Change Component Designator: OldDesignator=C2 NewDesignator=C22
Change Component Designator: OldDesignator=C3 NewDesignator=C21
Change Component Designator: OldDesignator=P1 NewDesignator=P12
Change Component Designator: OldDesignator=U? NewDesignator=U6
Added Component: Designator=U5(PDIP300-P8)
Add component (AddParameter): Name = "Amplifier Type"; Value = "GENERAL PURPOSE"; VariantName = "[No Variations]"
Add component (AddParameter): Name = "Bandwidth"; Value = "1MHz"; VariantName = "[No Variations]"
Add component (AddParameter): Name = "Case/Package"; Value = "PDIP"; VariantName = "[No Variations]"
Add component (AddParameter): Name = "Common Mode Rejection Ratio"; Value = "60dB"; VariantName = "[No Variations]"
Add component (AddParameter): Name = "Gain Bandwidth Product"; Value = "1MHz"; VariantName = "[No Variations]"
Add component (AddParameter): Name = "Height"; Value = "3.3mm"; VariantName = "[No Variations]"
Add component (AddParameter): Name = "Input Bias Current"; Value = "1pA"; VariantName = "[No Variations]"
Add component (AddParameter): Name = "Input Offset Voltage (Vos)"; Value = "4.5mV"; VariantName = "[No Variations]"
Add component (AddParameter): Name = "Input Offset Voltage-Max"; Value = "4.5mV"; VariantName = "[No Variations]"
Add component (AddParameter): Name = "Lead Free"; Value = "Lead Free"; VariantName = "[No Variations]"
Add component (AddParameter): Name = "Length"; Value = "9.27mm"; VariantName = "[No Variations]"
Add component (AddParameter): Name = "Max Operating Temperature"; Value = "125°C"; VariantName = "[No Variations]"
Add component (AddParameter): Name = "Max Supply Voltage"; Value = "6V"; VariantName = "[No Variations]"
Add component (AddParameter): Name = "Min Operating Temperature"; Value = "-40°C"; VariantName = "[No Variations]"
Add component (AddParameter): Name = "Min Supply Voltage"; Value = "1.8V"; VariantName = "[No Variations]"
Add component (AddParameter): Name = "Mount"; Value = "Through Hole"; VariantName = "[No Variations]"
Add component (AddParameter): Name = "Nominal Supply Current"; Value = "100uA"; VariantName = "[No Variations]"
Add component (AddParameter): Name = "Number of Amplifiers"; Value = "2"; VariantName = "[No Variations]"
Add component (AddParameter): Name = "Number of Channels"; Value = "2"; VariantName = "[No Variations]"
Add component (AddParameter): Name = "Number of Circuits"; Value = "2"; VariantName = "[No Variations]"
Add component (AddParameter): Name = "Number of Elements"; Value = "2"; VariantName = "[No Variations]"
Add component (AddParameter): Name = "Number of Pins"; Value = "8"; VariantName = "[No Variations]"
Add component (AddParameter): Name = "Operating Supply Current"; Value = "100uA"; VariantName = "[No Variations]"
Add component (AddParameter): Name = "Operating Supply Voltage"; Value = "5.5V"; VariantName = "[No Variations]"
Add component (AddParameter): Name = "Output Current"; Value = "23mA"; VariantName = "[No Variations]"
Add component (AddParameter): Name = "Output Current per Channel"; Value = "23mA"; VariantName = "[No Variations]"
Add component (AddParameter): Name = "Package Quantity"; Value = "60"; VariantName = "[No Variations]"
Add component (AddParameter): Name = "Packaging"; Value = "Rail/Tube"; VariantName = "[No Variations]"
Add component (AddParameter): Name = "Power Supply Rejection Ratio (PSRR)"; Value = "86dB"; VariantName = "[No Variations]"
Add component (AddParameter): Name = "Radiation Hardening"; Value = "No"; VariantName = "[No Variations]"
Add component (AddParameter): Name = "REACH SVHC"; Value = "No SVHC"; VariantName = "[No Variations]"
Add component (AddParameter): Name = "RoHS Compliant"; Value = "Yes"; VariantName = "[No Variations]"
Add component (AddParameter): Name = "Slew Rate"; Value = "0.6V/µs"; VariantName = "[No Variations]"
Add component (AddParameter): Name = "Slew Rate-Nom"; Value = "0.6V/µs"; VariantName = "[No Variations]"
Add component (AddParameter): Name = "Supply Current"; Value = "100uA"; VariantName = "[No Variations]"
Add component (AddParameter): Name = "Technology"; Value = "CMOS"; VariantName = "[No Variations]"
Add component (AddParameter): Name = "Unity Gain Bandwidth Product"; Value = "1MHz"; VariantName = "[No Variations]"
Add component (AddParameter): Name = "Voltage Gain"; Value = "112dB"; VariantName = "[No Variations]"
Add component (AddParameter): Name = "Width"; Value = "6.35mm"; VariantName = "[No Variations]"
Added Pin To Net: NetName=5V Pin=R7-2
Added Pin To Net: NetName=NetP1_1 Pin=R8-1
Added Pin To Net: NetName=GND Pin=U5-4
Added Pin To Net: NetName=NetC7_1 Pin=U5-6
Added Pin To Net: NetName=5V Pin=U5-8
Added Pin To Net: NetName=NetBuzzer_1 Pin=Buzzer-1
Added Pin To Net: NetName=NetBuzzer_1 Pin=Q4-3
Added Net: Name=NetBuzzer_1
Added Pin To Net: NetName=NetR7_1 Pin=R7-1
Added Pin To Net: NetName=NetR7_1 Pin=R8-2
Added Pin To Net: NetName=NetR7_1 Pin=R9-2
Added Pin To Net: NetName=NetR7_1 Pin=U5-5
Added Net: Name=NetR7_1
Added Member To Class: ClassName=Sheet1 Member=Component C5 10nF
Added Member To Class: ClassName=Sheet1 Member=Component C6 10nF
Added Member To Class: ClassName=Sheet1 Member=Component C21 100u
Added Member To Class: ClassName=Sheet1 Member=Component C22 0.1uF
Added Member To Class: ClassName=Sheet1 Member=Component P12 691311400003
Added Member To Class: ClassName=Sheet1 Member=Component R5 10k
Added Member To Class: ClassName=Sheet1 Member=Component R6 10k
Added Member To Class: ClassName=Sheet1 Member=Component R8 10k
Added Member To Class: ClassName=Sheet1 Member=Component R9 10k
Added Member To Class: ClassName=Sheet1 Member=Component R10 100
Added Member To Class: ClassName=Sheet1 Member=Component R11 10k
Added Member To Class: ClassName=Sheet1 Member=Component R12 10k
Added Member To Class: ClassName=Sheet1 Member=Component U5 MCP6002-E/P
